<?xml version="1.0" encoding="UTF-8"?>
<!-- Generated by org.testng.reporters.JUnitReportReporter -->
<testsuite hostname="DESKTOP-9HAORHK" failures="0" tests="1" name="important.BaseClass" time="22.274" errors="0" timestamp="7 Jul 2018 17:05:24 GMT">
  <testcase classname="important.BaseClass" name="setupApplication" time="22.274"/>
</testsuite> <!-- important.BaseClass -->
